<?xml version="1.0" encoding="UTF-8"?>
<!-- Generated by org.testng.reporters.JUnitXMLReporter -->
<testsuite hostname="LAPTOP-GGRP9JA9" ignored="3" name="DOC Test" tests="2" failures="1" timestamp="08 Mar 2019 03:13:33 GMT" time="49.684" errors="0">
  <testcase name="realizarLogin" time="17.454" classname="br.com.framework.test.RealizarLoginTeste"/>
  <testcase name="realizarOutroLogin" time="10.377" classname="br.com.framework.test.RealizarOutroLoginTeste">
    <failure type="org.openqa.selenium.TimeoutException" message="Expected condition failed: waiting for presence of element located by: By.xpath: //android.widget.TextView[@text=&amp;apos;SeuBarriga Nativo&amp;apos;] (tried for 10 second(s) with 500 MILLISECONDS interval)">
      <![CDATA[org.openqa.selenium.TimeoutException: Expected condition failed: waiting for presence of element located by: By.xpath: //android.widget.TextView[@text='SeuBarriga Nativo'] (tried for 10 second(s) with 500 MILLISECONDS interval)
at org.openqa.selenium.support.ui.WebDriverWait.timeoutException(WebDriverWait.java:82)
at org.openqa.selenium.support.ui.FluentWait.until(FluentWait.java:231)
at br.com.framework.utils.Dsl.waitVisible(Dsl.java:78)
at br.com.framework.business.MenuPage.acessarSeuBarrigaNativo(MenuPage.java:16)
at br.com.framework.test.RealizarOutroLoginTeste.realizarOutroLogin(RealizarOutroLoginTeste.java:29)
Caused by: org.openqa.selenium.NoSuchElementException: Cannot locate an element using By.xpath: //android.widget.TextView[@text='SeuBarriga Nativo']
For documentation on this error, please visit: http://seleniumhq.org/exceptions/no_such_element.html
Build info: version: '3.6.0', revision: '6fbf3ec767', time: '2017-09-27T15:28:36.4Z'
System info: host: 'LAPTOP-GGRP9JA9', ip: '192.168.137.1', os.name: 'Windows 10', os.arch: 'amd64', os.version: '10.0', java.version: '1.8.0_181'
Driver info: driver.version: unknown
at org.openqa.selenium.support.ui.ExpectedConditions.lambda$findElement$0(ExpectedConditions.java:882)
at java.util.Optional.orElseThrow(Unknown Source)
at org.openqa.selenium.support.ui.ExpectedConditions.findElement(ExpectedConditions.java:881)
at org.openqa.selenium.support.ui.ExpectedConditions.access$000(ExpectedConditions.java:43)
at org.openqa.selenium.support.ui.ExpectedConditions$6.apply(ExpectedConditions.java:182)
at org.openqa.selenium.support.ui.ExpectedConditions$6.apply(ExpectedConditions.java:179)
at org.openqa.selenium.support.ui.FluentWait.until(FluentWait.java:208)
... 28 more
... Removed 25 stack frames]]>
    </failure>
  </testcase> <!-- realizarOutroLogin -->
  <testcase name="@AfterSuite executaFimSuite" time="0.0" classname="br.com.framework.utils.BaseTeste">
    <ignored/>
  </testcase> <!-- @AfterSuite executaFimSuite -->
  <testcase name="@AfterTest tearDown" time="0.0" classname="br.com.framework.utils.BaseTeste">
    <ignored/>
  </testcase> <!-- @AfterTest tearDown -->
  <testcase name="@BeforeTest setUpTest" time="0.0" classname="br.com.framework.utils.BaseTeste">
    <ignored/>
  </testcase> <!-- @BeforeTest setUpTest -->
</testsuite> <!-- DOC Test -->
