<?xml version="1.0" encoding="UTF-8"?>
<testng-results skipped="0" failed="1" ignored="3" total="5" passed="1">
  <reporter-output>
  </reporter-output>
  <suite name="Regressivo_Framework" duration-ms="41713" started-at="2019-03-05T18:27:10Z" finished-at="2019-03-05T18:27:52Z">
    <groups>
    </groups>
    <test name="DOC Test" duration-ms="41713" started-at="2019-03-05T18:27:10Z" finished-at="2019-03-05T18:27:52Z">
      <class name="br.com.framework.test.RealizarLoginTeste">
        <test-method status="PASS" signature="setUpTest()[pri:0, instance:br.com.framework.test.RealizarLoginTeste@5025a98f]" name="setUpTest" is-config="true" duration-ms="162" started-at="2019-03-05T18:27:10Z" finished-at="2019-03-05T18:27:10Z">
          <reporter-output>
          </reporter-output>
        </test-method> <!-- setUpTest -->
        <test-method status="PASS" signature="setUpClass()[pri:0, instance:br.com.framework.test.RealizarLoginTeste@5025a98f]" name="setUpClass" is-config="true" duration-ms="16028" started-at="2019-03-05T18:27:10Z" finished-at="2019-03-05T18:27:26Z">
          <reporter-output>
          </reporter-output>
        </test-method> <!-- setUpClass -->
        <test-method status="PASS" signature="realizarLogin()[pri:0, instance:br.com.framework.test.RealizarLoginTeste@5025a98f]" name="realizarLogin" duration-ms="8677" started-at="2019-03-05T18:27:26Z" finished-at="2019-03-05T18:27:35Z">
          <reporter-output>
          </reporter-output>
        </test-method> <!-- realizarLogin -->
        <test-method status="PASS" signature="getResult(org.testng.ITestResult)[pri:0, instance:br.com.framework.test.RealizarLoginTeste@5025a98f]" name="getResult" is-config="true" duration-ms="10" started-at="2019-03-05T18:27:35Z" finished-at="2019-03-05T18:27:35Z">
          <params>
            <param index="0">
              <value>
                <![CDATA[[TestResult name=realizarLogin status=SUCCESS method=RealizarLoginTeste.realizarLogin()[pri:0, instance:br.com.framework.test.RealizarLoginTeste@5025a98f] output={null}]]]>
              </value>
            </param>
          </params>
          <reporter-output>
          </reporter-output>
        </test-method> <!-- getResult -->
        <test-method status="PASS" signature="tearDownClass()[pri:0, instance:br.com.framework.test.RealizarLoginTeste@5025a98f]" name="tearDownClass" is-config="true" duration-ms="2960" started-at="2019-03-05T18:27:35Z" finished-at="2019-03-05T18:27:38Z">
          <reporter-output>
          </reporter-output>
        </test-method> <!-- tearDownClass -->
        <test-method status="PASS" signature="tearDown()[pri:0, instance:br.com.framework.test.RealizarLoginTeste@5025a98f]" name="tearDown" is-config="true" duration-ms="394" started-at="2019-03-05T18:27:52Z" finished-at="2019-03-05T18:27:52Z">
          <reporter-output>
          </reporter-output>
        </test-method> <!-- tearDown -->
        <test-method status="PASS" signature="executaFimSuite()[pri:0, instance:br.com.framework.test.RealizarLoginTeste@5025a98f]" name="executaFimSuite" is-config="true" duration-ms="576" started-at="2019-03-05T18:27:52Z" finished-at="2019-03-05T18:27:53Z">
          <reporter-output>
          </reporter-output>
        </test-method> <!-- executaFimSuite -->
      </class> <!-- br.com.framework.test.RealizarLoginTeste -->
      <class name="br.com.framework.test.RealizarOutroLoginTeste">
        <test-method status="PASS" signature="setUpClass()[pri:0, instance:br.com.framework.test.RealizarOutroLoginTeste@49993335]" name="setUpClass" is-config="true" duration-ms="6" started-at="2019-03-05T18:27:38Z" finished-at="2019-03-05T18:27:38Z">
          <reporter-output>
          </reporter-output>
        </test-method> <!-- setUpClass -->
        <test-method status="FAIL" signature="realizarOutroLogin()[pri:0, instance:br.com.framework.test.RealizarOutroLoginTeste@49993335]" name="realizarOutroLogin" duration-ms="10697" started-at="2019-03-05T18:27:38Z" finished-at="2019-03-05T18:27:49Z">
          <exception class="org.openqa.selenium.TimeoutException">
            <message>
              <![CDATA[Expected condition failed: waiting for presence of element located by: By.xpath: //android.widget.TextView[@text='SeuBarriga Nativo'] (tried for 10 second(s) with 500 MILLISECONDS interval)]]>
            </message>
            <full-stacktrace>
              <![CDATA[org.openqa.selenium.TimeoutException: Expected condition failed: waiting for presence of element located by: By.xpath: //android.widget.TextView[@text='SeuBarriga Nativo'] (tried for 10 second(s) with 500 MILLISECONDS interval)
at org.openqa.selenium.support.ui.WebDriverWait.timeoutException(WebDriverWait.java:82)
at org.openqa.selenium.support.ui.FluentWait.until(FluentWait.java:231)
at br.com.framework.utils.Dsl.waitVisible(Dsl.java:78)
at br.com.framework.businesspages.MenuPage.acessarSeuBarrigaNativo(MenuPage.java:16)
at br.com.framework.test.RealizarOutroLoginTeste.realizarOutroLogin(RealizarOutroLoginTeste.java:29)
at sun.reflect.NativeMethodAccessorImpl.invoke0(Native Method)
at sun.reflect.NativeMethodAccessorImpl.invoke(Unknown Source)
at sun.reflect.DelegatingMethodAccessorImpl.invoke(Unknown Source)
at java.lang.reflect.Method.invoke(Unknown Source)
at org.testng.internal.MethodInvocationHelper.invokeMethod(MethodInvocationHelper.java:124)
at org.testng.internal.Invoker.invokeMethod(Invoker.java:580)
at org.testng.internal.Invoker.invokeTestMethod(Invoker.java:716)
at org.testng.internal.Invoker.invokeTestMethods(Invoker.java:988)
at org.testng.internal.TestMethodWorker.invokeTestMethods(TestMethodWorker.java:125)
at org.testng.internal.TestMethodWorker.run(TestMethodWorker.java:109)
at org.testng.TestRunner.privateRun(TestRunner.java:648)
at org.testng.TestRunner.run(TestRunner.java:505)
at org.testng.SuiteRunner.runTest(SuiteRunner.java:455)
at org.testng.SuiteRunner.runSequentially(SuiteRunner.java:450)
at org.testng.SuiteRunner.privateRun(SuiteRunner.java:415)
at org.testng.SuiteRunner.run(SuiteRunner.java:364)
at org.testng.SuiteRunnerWorker.runSuite(SuiteRunnerWorker.java:52)
at org.testng.SuiteRunnerWorker.run(SuiteRunnerWorker.java:84)
at org.testng.TestNG.runSuitesSequentially(TestNG.java:1208)
at org.testng.TestNG.runSuitesLocally(TestNG.java:1137)
at org.testng.TestNG.runSuites(TestNG.java:1049)
at org.testng.TestNG.run(TestNG.java:1017)
at org.testng.remote.AbstractRemoteTestNG.run(AbstractRemoteTestNG.java:114)
at org.testng.remote.RemoteTestNG.initAndRun(RemoteTestNG.java:251)
at org.testng.remote.RemoteTestNG.main(RemoteTestNG.java:77)
Caused by: org.openqa.selenium.NoSuchElementException: Cannot locate an element using By.xpath: //android.widget.TextView[@text='SeuBarriga Nativo']
For documentation on this error, please visit: http://seleniumhq.org/exceptions/no_such_element.html
Build info: version: '3.6.0', revision: '6fbf3ec767', time: '2017-09-27T15:28:36.4Z'
System info: host: 'LAPTOP-GGRP9JA9', ip: '192.168.137.1', os.name: 'Windows 10', os.arch: 'amd64', os.version: '10.0', java.version: '1.8.0_181'
Driver info: driver.version: unknown
at org.openqa.selenium.support.ui.ExpectedConditions.lambda$findElement$0(ExpectedConditions.java:882)
at java.util.Optional.orElseThrow(Unknown Source)
at org.openqa.selenium.support.ui.ExpectedConditions.findElement(ExpectedConditions.java:881)
at org.openqa.selenium.support.ui.ExpectedConditions.access$000(ExpectedConditions.java:43)
at org.openqa.selenium.support.ui.ExpectedConditions$6.apply(ExpectedConditions.java:182)
at org.openqa.selenium.support.ui.ExpectedConditions$6.apply(ExpectedConditions.java:179)
at org.openqa.selenium.support.ui.FluentWait.until(FluentWait.java:208)
... 28 more
]]>
            </full-stacktrace>
          </exception> <!-- org.openqa.selenium.TimeoutException -->
          <reporter-output>
          </reporter-output>
        </test-method> <!-- realizarOutroLogin -->
        <test-method status="PASS" signature="getResult(org.testng.ITestResult)[pri:0, instance:br.com.framework.test.RealizarOutroLoginTeste@49993335]" name="getResult" is-config="true" duration-ms="8" started-at="2019-03-05T18:27:49Z" finished-at="2019-03-05T18:27:49Z">
          <params>
            <param index="0">
              <value>
                <![CDATA[[TestResult name=realizarOutroLogin status=FAILURE method=RealizarOutroLoginTeste.realizarOutroLogin()[pri:0, instance:br.com.framework.test.RealizarOutroLoginTeste@49993335] output={null}]]]>
              </value>
            </param>
          </params>
          <reporter-output>
          </reporter-output>
        </test-method> <!-- getResult -->
        <test-method status="PASS" signature="tearDownClass()[pri:0, instance:br.com.framework.test.RealizarOutroLoginTeste@49993335]" name="tearDownClass" is-config="true" duration-ms="2731" started-at="2019-03-05T18:27:49Z" finished-at="2019-03-05T18:27:52Z">
          <reporter-output>
          </reporter-output>
        </test-method> <!-- tearDownClass -->
      </class> <!-- br.com.framework.test.RealizarOutroLoginTeste -->
    </test> <!-- DOC Test -->
  </suite> <!-- Regressivo_Framework -->
</testng-results>
